# JRE version: Java(TM) SE Runtime Environment (12.0.2+10) (build 12.0.2+10)
# Java VM: Java HotSpot(TM) 64-Bit Server VM (12.0.2+10, mixed mode, sharing, tiered, compressed oops, g1 gc, windows-amd64)
Heap:
 garbage-first heap   total 58368K, used 37504K [0x0000000701600000, 0x0000000800000000)
  region size 1024K, 7 young (7168K), 1 survivors (1024K)
 Metaspace       used 26921K, capacity 28135K, committed 28416K, reserved 1073152K
  class space    used 3740K, capacity 4253K, committed 4352K, reserved 1048576K
GC Heap History (10 events):
Event: 0.648 GC heap before
{Heap before GC invocations=0 (full 0):
 garbage-first heap   total 262144K, used 23552K [0x0000000701600000, 0x0000000800000000)
  region size 1024K, 24 young (24576K), 0 survivors (0K)
 Metaspace       used 6650K, capacity 8032K, committed 8192K, reserved 1056768K
  class space    used 789K, capacity 980K, committed 1024K, reserved 1048576K
}
Event: 0.651 GC heap after
{Heap after GC invocations=1 (full 0):
 garbage-first heap   total 262144K, used 3367K [0x0000000701600000, 0x0000000800000000)
  region size 1024K, 3 young (3072K), 3 survivors (3072K)
 Metaspace       used 6650K, capacity 8032K, committed 8192K, reserved 1056768K
  class space    used 789K, capacity 980K, committed 1024K, reserved 1048576K
}
Event: 1.554 GC heap before
{Heap before GC invocations=1 (full 0):
 garbage-first heap   total 262144K, used 44327K [0x0000000701600000, 0x0000000800000000)
  region size 1024K, 44 young (45056K), 3 survivors (3072K)
 Metaspace       used 20411K, capacity 21111K, committed 21248K, reserved 1067008K
  class space    used 2695K, capacity 2965K, committed 3072K, reserved 1048576K
}
Event: 1.565 GC heap after
{Heap after GC invocations=2 (full 0):
 garbage-first heap   total 262144K, used 9511K [0x0000000701600000, 0x0000000800000000)
  region size 1024K, 9 young (9216K), 9 survivors (9216K)
 Metaspace       used 20411K, capacity 21111K, committed 21248K, reserved 1067008K
  class space    used 2695K, capacity 2965K, committed 3072K, reserved 1048576K
}
Event: 1.881 GC heap before
{Heap before GC invocations=3 (full 0):
 garbage-first heap   total 40960K, used 26919K [0x0000000701600000, 0x0000000800000000)
  region size 1024K, 26 young (26624K), 9 survivors (9216K)
 Metaspace       used 23302K, capacity 24414K, committed 24448K, reserved 1071104K
  class space    used 3244K, capacity 3695K, committed 3712K, reserved 1048576K
}
Event: 1.891 GC heap after
{Heap after GC invocations=4 (full 0):
 garbage-first heap   total 40960K, used 12387K [0x0000000701600000, 0x0000000800000000)
  region size 1024K, 4 young (4096K), 4 survivors (4096K)
 Metaspace       used 23302K, capacity 24414K, committed 24448K, reserved 1071104K
  class space    used 3244K, capacity 3695K, committed 3712K, reserved 1048576K
}
Event: 4.937 GC heap before
{Heap before GC invocations=4 (full 0):
 garbage-first heap   total 40960K, used 30819K [0x0000000701600000, 0x0000000800000000)
  region size 1024K, 15 young (15360K), 4 survivors (4096K)
 Metaspace       used 25854K, capacity 26975K, committed 27136K, reserved 1073152K
  class space    used 3565K, capacity 4040K, committed 4096K, reserved 1048576K
}
Event: 4.940 GC heap after
{Heap after GC invocations=5 (full 0):
 garbage-first heap   total 40960K, used 21891K [0x0000000701600000, 0x0000000800000000)
  region size 1024K, 2 young (2048K), 2 survivors (2048K)
 Metaspace       used 25854K, capacity 26975K, committed 27136K, reserved 1073152K
  class space    used 3565K, capacity 4040K, committed 4096K, reserved 1048576K
}
Event: 4.966 GC heap before
{Heap before GC invocations=6 (full 0):
 garbage-first heap   total 48128K, used 25987K [0x0000000701600000, 0x0000000800000000)
  region size 1024K, 3 young (3072K), 2 survivors (2048K)
 Metaspace       used 25921K, capacity 27055K, committed 27136K, reserved 1073152K
  class space    used 3573K, capacity 4043K, committed 4096K, reserved 1048576K
}
Event: 4.969 GC heap after
{Heap after GC invocations=7 (full 0):
 garbage-first heap   total 48128K, used 26240K [0x0000000701600000, 0x0000000800000000)
  region size 1024K, 1 young (1024K), 1 survivors (1024K)
 Metaspace       used 25921K, capacity 27055K, committed 27136K, reserved 1073152K
  class space    used 3573K, capacity 4043K, committed 4096K, reserved 1048576K
}

